<?xml version="1.0" encoding="UTF-8"?>
<!-- Generated by org.testng.reporters.JUnitXMLReporter -->
<testsuite ignored="0" hostname="DESKTOP-9QTIESN" failures="0" tests="3" name="Default test" time="11.645" errors="0" timestamp="2025-01-15T08:17:57 IST">
  <testcase classname="demopack.SequentialAnadParallelTesting" name="logoverification" time="0.153"/>
  <testcase classname="demopack.SequentialAnadParallelTesting" name="titleverification" time="0.021"/>
  <testcase classname="demopack.SequentialAnadParallelTesting" name="urlverification" time="0.024"/>
</testsuite> <!-- Default test -->
