<?xml version="1.0" encoding="UTF-8"?>
<!-- Generated by org.testng.reporters.JUnitXMLReporter -->
<testsuite ignored="0" hostname="DESKTOP-9QTIESN" failures="0" tests="3" name="chrometest" time="14.748" errors="0" timestamp="2025-01-15T08:46:32 IST">
  <testcase classname="demopack.SequentialAnadParallelTesting" name="logoverification" time="0.173"/>
  <testcase classname="demopack.SequentialAnadParallelTesting" name="titleverification" time="0.035"/>
  <testcase classname="demopack.SequentialAnadParallelTesting" name="urlverification" time="0.042"/>
</testsuite> <!-- chrometest -->
