<?xml version="1.0" encoding="UTF-8"?>
<!-- Generated by org.testng.reporters.JUnitXMLReporter -->
<testsuite ignored="0" hostname="DESKTOP-9QTIESN" failures="0" tests="3" name="edgetest" time="23.026" errors="0" timestamp="2025-01-15T08:46:40 IST">
  <testcase classname="demopack.SequentialAnadParallelTesting" name="logoverification" time="0.086"/>
  <testcase classname="demopack.SequentialAnadParallelTesting" name="titleverification" time="0.023"/>
  <testcase classname="demopack.SequentialAnadParallelTesting" name="urlverification" time="0.016"/>
</testsuite> <!-- edgetest -->
