<?xml version="1.0" encoding="UTF-8"?>
<!-- Generated by org.testng.reporters.JUnitXMLReporter -->
<testsuite ignored="0" hostname="DESKTOP-9QTIESN" failures="0" tests="3" name="firefoxtest" time="1.413" errors="0" timestamp="2025-01-15T08:29:43 IST">
  <testcase classname="demopack.SequentialAnadParallelTesting" name="logoverification" time="0.001">
    <skipped/>
  </testcase> <!-- logoverification -->
  <testcase classname="demopack.SequentialAnadParallelTesting" name="titleverification" time="0.0">
    <skipped/>
  </testcase> <!-- titleverification -->
  <testcase classname="demopack.SequentialAnadParallelTesting" name="urlverification" time="0.0">
    <skipped/>
  </testcase> <!-- urlverification -->
</testsuite> <!-- firefoxtest -->
