<?xml version="1.0" encoding="UTF-8"?>
<!-- Generated by org.testng.reporters.JUnitXMLReporter -->
<testsuite ignored="2" hostname="DESKTOP-9QTIESN" failures="2" tests="2" name="test" time="0.226" errors="0" timestamp="2025-01-15T10:12:29 IST">
  <testcase classname="demopack.SequentialAnadParallelTesting" name="gettitle" time="0.022">
    <failure type="java.lang.NullPointerException" message="Cannot invoke &amp;quot;org.openqa.selenium.WebDriver.getTitle()&amp;quot; because &amp;quot;this.driver&amp;quot; is null">
      <![CDATA[java.lang.NullPointerException: Cannot invoke "org.openqa.selenium.WebDriver.getTitle()" because "this.driver" is null
at demopack.SequentialAnadParallelTesting.gettitle(SequentialAnadParallelTesting.java:33)
at java.base/java.util.ArrayList.forEach(ArrayList.java:1511)
... Removed 27 stack frames]]>
    </failure>
  </testcase> <!-- gettitle -->
  <testcase classname="demopack.logintest" name="gettitle" time="0.007">
    <failure type="java.lang.NullPointerException" message="Cannot invoke &amp;quot;org.openqa.selenium.WebDriver.getTitle()&amp;quot; because &amp;quot;this.driver&amp;quot; is null">
      <![CDATA[java.lang.NullPointerException: Cannot invoke "org.openqa.selenium.WebDriver.getTitle()" because "this.driver" is null
at demopack.logintest.gettitle(logintest.java:34)
at java.base/java.util.ArrayList.forEach(ArrayList.java:1511)
... Removed 27 stack frames]]>
    </failure>
  </testcase> <!-- gettitle -->
  <testcase classname="demopack.SequentialAnadParallelTesting" name="urlverification" time="0.0">
    <ignored/>
  </testcase> <!-- urlverification -->
  <testcase classname="demopack.logintest" name="urlverification" time="0.0">
    <ignored/>
  </testcase> <!-- urlverification -->
</testsuite> <!-- test -->
