<?xml version="1.0" encoding="UTF-8"?>
<!-- Generated by org.testng.reporters.JUnitXMLReporter -->
<testsuite ignored="5" hostname="DESKTOP-9QTIESN" failures="0" tests="6" name="GroupingTest" time="0.316" errors="0" timestamp="2025-01-12T00:07:15 IST">
  <testcase classname="day44.LoginTest" name="loginByGoogle" time="0.021"/>
  <testcase classname="day44.LoginTest" name="loginByFacebook" time="0.007"/>
  <testcase classname="day44.LoginTest" name="loginByTwitter" time="0.007"/>
  <testcase classname="day44.PaymentTest" name="paymentbygooglepay" time="0.008"/>
  <testcase classname="day44.PaymentTest" name="paymentbyamxzn" time="0.018"/>
  <testcase classname="day44.PaymentTest" name="paymentbypaytm" time="0.008"/>
  <testcase classname="day44.SignupTest" name="signupbyinstagram" time="0.0">
    <ignored/>
  </testcase> <!-- signupbyinstagram -->
  <testcase classname="day44.SignupTest" name="signupbyfacebook" time="0.0">
    <ignored/>
  </testcase> <!-- signupbyfacebook -->
  <testcase classname="day44.SignupTest" name="signupbygoogle1" time="0.0">
    <ignored/>
  </testcase> <!-- signupbygoogle1 -->
  <testcase classname="day44.LoginTest" name="loginByInstagram" time="0.0">
    <ignored/>
  </testcase> <!-- loginByInstagram -->
  <testcase classname="day44.SignupTest" name="signupbytwitter" time="0.0">
    <ignored/>
  </testcase> <!-- signupbytwitter -->
</testsuite> <!-- GroupingTest -->
